#
# A fatal error has been detected by the Java Runtime Environment:
#
#  Internal Error (safepoint.cpp:310), pid=20232, tid=0x00007f1ab7cfc700
#  guarantee(PageArmed == 0) failed: invariant
#
# JRE version: Java(TM) SE Runtime Environment (8.0_121-b13) (build 1.8.0_121-b13)
# Java VM: Java HotSpot(TM) 64-Bit Server VM (25.121-b13 mixed mode linux-amd64 compressed oops)
# Failed to write core dump. Core dumps have been disabled. To enable core dumping, try "ulimit -c unlimited" before starting Java again
#
# If you would like to submit a bug report, please visit:
#   http://bugreport.java.com/bugreport/crash.jsp
#

---------------  T H R E A D  ---------------

Current thread (0x00007f1ad8085000):  VMThread [stack: 0x00007f1ab7bfc000,0x00007f1ab7cfd000] [id=20249]

Stack: [0x00007f1ab7bfc000,0x00007f1ab7cfd000],  sp=0x00007f1ab7cfb930,  free space=1022k
Native frames: (J=compiled Java code, j=interpreted, Vv=VM code, C=native code)
V  [libjvm.so+0xac703a]  VMError::report_and_die()+0x2ba
V  [libjvm.so+0x4fbf72]  report_vm_error(char const*, int, char const*, char const*)+0x62
V  [libjvm.so+0x9bdc54]  SafepointSynchronize::begin()+0x834
V  [libjvm.so+0xacec7f]  VMThread::loop()+0x1bf
V  [libjvm.so+0xacf100]  VMThread::run()+0x70
V  [libjvm.so+0x926268]  java_start(Thread*)+0x108

VM_Operation (0x00007f1adf734660): Exit, mode: safepoint, requested by thread 0x00007f1ad800a000


---------------  P R O C E S S  ---------------

Java Threads: ( => current thread )
  0x00007f1ad811b000 JavaThread "Service Thread" daemon [_thread_blocked, id=20257, stack(0x00007f1ab6d12000,0x00007f1ab6e13000)]
  0x00007f1ad80fd800 JavaThread "C1 CompilerThread3" daemon [_thread_blocked, id=20256, stack(0x00007f1ab6e13000,0x00007f1ab6f14000)]
  0x00007f1ad80fb800 JavaThread "C2 CompilerThread2" daemon [_thread_blocked, id=20255, stack(0x00007f1ab6f14000,0x00007f1ab7015000)]
  0x00007f1ad80f9800 JavaThread "C2 CompilerThread1" daemon [_thread_blocked, id=20254, stack(0x00007f1ab7015000,0x00007f1ab7116000)]
  0x00007f1ad80f5800 JavaThread "C2 CompilerThread0" daemon [_thread_blocked, id=20253, stack(0x00007f1ab7116000,0x00007f1ab7217000)]
  0x00007f1ad80f8800 JavaThread "Signal Dispatcher" daemon [_thread_in_Java, id=20252, stack(0x00007f1ab7217000,0x00007f1ab7318000)]
  0x00007f1ad8091000 JavaThread "Finalizer" daemon [_thread_blocked, id=20251, stack(0x00007f1ab79fa000,0x00007f1ab7afb000)]
  0x00007f1ad808c800 JavaThread "Reference Handler" daemon [_thread_blocked, id=20250, stack(0x00007f1ab7afb000,0x00007f1ab7bfc000)]
  0x00007f1ad800a000 JavaThread "main" [_thread_blocked, id=20238, stack(0x00007f1adf635000,0x00007f1adf736000)]

Other Threads:
=>0x00007f1ad8085000 VMThread [stack: 0x00007f1ab7bfc000,0x00007f1ab7cfd000] [id=20249]

VM state:synchronizing (normal execution)

VM Mutex/Monitor currently owned by a thread:  ([mutex/lock_event])
[0x00007f1ad8006310] Safepoint_lock - owner thread: 0x00007f1ad8085000
[0x00007f1ad8006390] Threads_lock - owner thread: 0x00007f1ad8085000

Heap:
 PSYoungGen      total 112128K, used 23101K [0x0000000743500000, 0x000000074b200000, 0x00000007c0000000)
  eden space 96256K, 24% used [0x0000000743500000,0x0000000744b8f770,0x0000000749300000)
  from space 15872K, 0% used [0x000000074a280000,0x000000074a280000,0x000000074b200000)
  to   space 15872K, 0% used [0x0000000749300000,0x0000000749300000,0x000000074a280000)
 ParOldGen       total 257024K, used 0K [0x0000000649e00000, 0x0000000659900000, 0x0000000743500000)
  object space 257024K, 0% used [0x0000000649e00000,0x0000000649e00000,0x0000000659900000)
 Metaspace       used 9174K, capacity 9402K, committed 9472K, reserved 1056768K
  class space    used 1162K, capacity 1239K, committed 1280K, reserved 1048576K

Card table byte_map: [0x00007f1ac844e000,0x00007f1ac9000000] byte_map_base: 0x00007f1ac51ff000

Marking Bits: (ParMarkBitMap*) 0x00007f1adeb0fc80
 Begin Bits: [0x00007f1a844f0000, 0x00007f1a8a278000)
 End Bits:   [0x00007f1a8a278000, 0x00007f1a90000000)

Polling page: 0x00007f1adf75f000

CodeCache: size=245760Kb used=2875Kb max_used=2875Kb free=242884Kb
 bounds [0x00007f1ac9000000, 0x00007f1ac92e0000, 0x00007f1ad8000000]
 total_blobs=1032 nmethods=698 adapters=248
 compilation: enabled

Compilation events (10 events):
Event: 0.466 Thread 0x00007f1ad80fd800  691       3       org.gradle.internal.io.StreamByteBuffer$StreamByteBufferChunk::write (25 bytes)
Event: 0.466 Thread 0x00007f1ad80fd800 nmethod 691 0x00007f1ac92ca2d0 code [0x00007f1ac92ca440, 0x00007f1ac92ca688]
Event: 0.466 Thread 0x00007f1ad80fd800  695       3       org.gradle.internal.serialize.AbstractEncoder$EncoderStream::write (11 bytes)
Event: 0.466 Thread 0x00007f1ad80fd800 nmethod 695 0x00007f1ac92c9e50 code [0x00007f1ac92c9fc0, 0x00007f1ac92ca1e8]
Event: 0.466 Thread 0x00007f1ad80fd800  696       3       org.gradle.internal.serialize.kryo.KryoBackedEncoder::writeBytes (11 bytes)
Event: 0.466 Thread 0x00007f1ad80fd800 nmethod 696 0x00007f1ac92c9a90 code [0x00007f1ac92c9c00, 0x00007f1ac92c9d88]
Event: 0.466 Thread 0x00007f1ad80fd800  697   !   3       java.io.ObjectOutputStream::writeOrdinaryObject (175 bytes)
Event: 0.467 Thread 0x00007f1ad80fd800 nmethod 697 0x00007f1ac92cfa50 code [0x00007f1ac92cfce0, 0x00007f1ac92d08e8]
Event: 0.467 Thread 0x00007f1ad80fd800  660       1       java.util.HashMap::size (5 bytes)
Event: 0.467 Thread 0x00007f1ad80fd800 nmethod 660 0x00007f1ac92ce110 code [0x00007f1ac92ce260, 0x00007f1ac92ce370]

GC Heap History (0 events):
No events

Deoptimization events (2 events):
Event: 0.204 Thread 0x00007f1ad800a000 Uncommon trap: reason=unstable_if action=reinterpret pc=0x00007f1ac918ea0c method=java.lang.String.replace(CC)Ljava/lang/String; @ 2
Event: 0.227 Thread 0x00007f1ad800a000 Uncommon trap: reason=null_check action=make_not_entrant pc=0x00007f1ac918ca60 method=java.lang.String.equals(Ljava/lang/Object;)Z @ 8

Internal exceptions (10 events):
Event: 0.332 Thread 0x00007f1ad800a000 Exception <a 'java/lang/ArrayIndexOutOfBoundsException'> (0x0000000744039078) thrown at [/HUDSON3/workspace/8-2-build-linux-amd64/jdk8u121/8372/hotspot/src/share/vm/runtime/sharedRuntime.cpp, line 605]
Event: 0.439 Thread 0x00007f1ad83ed000 Exception <a 'java/lang/reflect/InvocationTargetException'> (0x00000007448b19d8) thrown at [/HUDSON3/workspace/8-2-build-linux-amd64/jdk8u121/8372/hotspot/src/share/vm/runtime/reflection.cpp, line 1092]
Event: 0.441 Thread 0x00007f1ad83ed000 Exception <a 'java/lang/reflect/InvocationTargetException'> (0x00000007448c7780) thrown at [/HUDSON3/workspace/8-2-build-linux-amd64/jdk8u121/8372/hotspot/src/share/vm/runtime/reflection.cpp, line 1092]
Event: 0.441 Thread 0x00007f1ad83ed000 Exception <a 'java/lang/reflect/InvocationTargetException'> (0x00000007448c8a60) thrown at [/HUDSON3/workspace/8-2-build-linux-amd64/jdk8u121/8372/hotspot/src/share/vm/runtime/reflection.cpp, line 1092]
Event: 0.441 Thread 0x00007f1ad83ed000 Exception <a 'java/lang/reflect/InvocationTargetException'> (0x00000007448c9d78) thrown at [/HUDSON3/workspace/8-2-build-linux-amd64/jdk8u121/8372/hotspot/src/share/vm/runtime/reflection.cpp, line 1092]
Event: 0.442 Thread 0x00007f1ad83ed000 Exception <a 'java/lang/reflect/InvocationTargetException'> (0x00000007448cb0e0) thrown at [/HUDSON3/workspace/8-2-build-linux-amd64/jdk8u121/8372/hotspot/src/share/vm/runtime/reflection.cpp, line 1092]
Event: 0.442 Thread 0x00007f1ad83ed000 Exception <a 'java/lang/reflect/InvocationTargetException'> (0x00000007448cc3c0) thrown at [/HUDSON3/workspace/8-2-build-linux-amd64/jdk8u121/8372/hotspot/src/share/vm/runtime/reflection.cpp, line 1092]
Event: 0.442 Thread 0x00007f1ad83ed000 Exception <a 'java/lang/reflect/InvocationTargetException'> (0x00000007448cd6f0) thrown at [/HUDSON3/workspace/8-2-build-linux-amd64/jdk8u121/8372/hotspot/src/share/vm/runtime/reflection.cpp, line 1092]
Event: 0.448 Thread 0x00007f1ad8434800 Exception <a 'java/lang/NoSuchMethodError': <clinit>> (0x0000000744470ae0) thrown at [/HUDSON3/workspace/8-2-build-linux-amd64/jdk8u121/8372/hotspot/src/share/vm/prims/jni.cpp, line 1613]
Event: 0.452 Thread 0x00007f1ad8434800 Exception <a 'java/lang/NoSuchMethodError': <clinit>> (0x00000007444a66e0) thrown at [/HUDSON3/workspace/8-2-build-linux-amd64/jdk8u121/8372/hotspot/src/share/vm/prims/jni.cpp, line 1613]

Events (10 events):
Event: 0.476 loading class org/gradle/internal/remote/internal/inet/SocketConnection$1 done
Event: 0.476 loading class org/gradle/internal/concurrent/CompositeStoppable$2
Event: 0.476 loading class org/gradle/internal/concurrent/CompositeStoppable$2 done
Event: 0.477 loading class java/util/IdentityHashMap$KeySet
Event: 0.477 loading class java/util/IdentityHashMap$KeySet done
Event: 0.477 loading class java/util/IdentityHashMap$KeyIterator
Event: 0.477 loading class java/util/IdentityHashMap$KeyIterator done
Event: 0.477 Thread 0x00007f1ad8437800 Thread added: 0x00007f1ad8437800
Event: 0.478 Thread 0x00007f1ad8437800 Thread exited: 0x00007f1ad8437800
Event: 0.479 Executing VM operation: Exit


Dynamic libraries:
00400000-00401000 r-xp 00000000 08:51 116134904                          /usr/lib/jvm/java-8-oracle/bin/java
00600000-00601000 rw-p 00000000 08:51 116134904                          /usr/lib/jvm/java-8-oracle/bin/java
01aaf000-01ad0000 rw-p 00000000 00:00 0                                  [heap]
649e00000-659900000 rw-p 00000000 00:00 0 
659900000-743500000 ---p 00000000 00:00 0 
743500000-74b200000 rw-p 00000000 00:00 0 
74b200000-7c0000000 ---p 00000000 00:00 0 
7c0000000-7c0140000 rw-p 00000000 00:00 0 
7c0140000-800000000 ---p 00000000 00:00 0 
7f1a50000000-7f1a50021000 rw-p 00000000 00:00 0 
7f1a50021000-7f1a54000000 ---p 00000000 00:00 0 
7f1a54000000-7f1a54068000 rw-p 00000000 00:00 0 
7f1a54068000-7f1a58000000 ---p 00000000 00:00 0 
7f1a58000000-7f1a58021000 rw-p 00000000 00:00 0 
7f1a58021000-7f1a5c000000 ---p 00000000 00:00 0 
7f1a5c000000-7f1a5c02c000 rw-p 00000000 00:00 0 
7f1a5c02c000-7f1a60000000 ---p 00000000 00:00 0 
7f1a60000000-7f1a603e8000 rw-p 00000000 00:00 0 
7f1a603e8000-7f1a64000000 ---p 00000000 00:00 0 
7f1a64000000-7f1a64021000 rw-p 00000000 00:00 0 
7f1a64021000-7f1a68000000 ---p 00000000 00:00 0 
7f1a68000000-7f1a68267000 rw-p 00000000 00:00 0 
7f1a68267000-7f1a6c000000 ---p 00000000 00:00 0 
7f1a6c000000-7f1a6c1fd000 rw-p 00000000 00:00 0 
7f1a6c1fd000-7f1a70000000 ---p 00000000 00:00 0 
7f1a70000000-7f1a70021000 rw-p 00000000 00:00 0 
7f1a70021000-7f1a74000000 ---p 00000000 00:00 0 
7f1a74000000-7f1a742a4000 rw-p 00000000 00:00 0 
7f1a742a4000-7f1a78000000 ---p 00000000 00:00 0 
7f1a78000000-7f1a78021000 rw-p 00000000 00:00 0 
7f1a78021000-7f1a7c000000 ---p 00000000 00:00 0 
7f1a7c000000-7f1a7c021000 rw-p 00000000 00:00 0 
7f1a7c021000-7f1a80000000 ---p 00000000 00:00 0 
7f1a80000000-7f1a8028c000 rw-p 00000000 00:00 0 
7f1a8028c000-7f1a84000000 ---p 00000000 00:00 0 
7f1a844f0000-7f1a90000000 rw-p 00000000 00:00 0 
7f1a90000000-7f1a90021000 rw-p 00000000 00:00 0 
7f1a90021000-7f1a94000000 ---p 00000000 00:00 0 
7f1a98000000-7f1a98021000 rw-p 00000000 00:00 0 
7f1a98021000-7f1a9c000000 ---p 00000000 00:00 0 
7f1a9c000000-7f1a9c021000 rw-p 00000000 00:00 0 
7f1a9c021000-7f1aa0000000 ---p 00000000 00:00 0 
7f1aa0000000-7f1aa0021000 rw-p 00000000 00:00 0 
7f1aa0021000-7f1aa4000000 ---p 00000000 00:00 0 
7f1aa4000000-7f1aa4021000 rw-p 00000000 00:00 0 
7f1aa4021000-7f1aa8000000 ---p 00000000 00:00 0 
7f1aa8000000-7f1aa8021000 rw-p 00000000 00:00 0 
7f1aa8021000-7f1aac000000 ---p 00000000 00:00 0 
7f1ab0000000-7f1ab0021000 rw-p 00000000 00:00 0 
7f1ab0021000-7f1ab4000000 ---p 00000000 00:00 0 
7f1ab5a55000-7f1ab5a58000 ---p 00000000 00:00 0 
7f1ab5a58000-7f1ab5b56000 rw-p 00000000 00:00 0 
7f1ab5b56000-7f1ab5b59000 ---p 00000000 00:00 0 
7f1ab5b59000-7f1ab5c57000 rw-p 00000000 00:00 0 
7f1ab5c57000-7f1ab5c5a000 ---p 00000000 00:00 0 
7f1ab5c5a000-7f1ab5d58000 rw-p 00000000 00:00 0 
7f1ab5d58000-7f1ab5d6e000 r-xp 00000000 08:51 65273965                   /lib/x86_64-linux-gnu/libgcc_s.so.1
7f1ab5d6e000-7f1ab5f6d000 ---p 00016000 08:51 65273965                   /lib/x86_64-linux-gnu/libgcc_s.so.1
7f1ab5f6d000-7f1ab5f6e000 rw-p 00015000 08:51 65273965                   /lib/x86_64-linux-gnu/libgcc_s.so.1
7f1ab5f6e000-7f1ab605e000 r-xp 00000000 08:51 115352164                  /usr/lib/x86_64-linux-gnu/libstdc++.so.6.0.20
7f1ab605e000-7f1ab625e000 ---p 000f0000 08:51 115352164                  /usr/lib/x86_64-linux-gnu/libstdc++.so.6.0.20
7f1ab625e000-7f1ab6266000 r--p 000f0000 08:51 115352164                  /usr/lib/x86_64-linux-gnu/libstdc++.so.6.0.20
7f1ab6266000-7f1ab6268000 rw-p 000f8000 08:51 115352164                  /usr/lib/x86_64-linux-gnu/libstdc++.so.6.0.20
7f1ab6268000-7f1ab627d000 rw-p 00000000 00:00 0 
7f1ab62a3000-7f1ab62a8000 r-xp 00000000 00:2b 87033914                   /home/dchan/.gradle/native/24/linux-amd64/libnative-platform.so
7f1ab62a8000-7f1ab64a7000 ---p 00005000 00:2b 87033914                   /home/dchan/.gradle/native/24/linux-amd64/libnative-platform.so
7f1ab64a7000-7f1ab64a8000 r--p 00004000 00:2b 87033914                   /home/dchan/.gradle/native/24/linux-amd64/libnative-platform.so
7f1ab64a8000-7f1ab64a9000 rw-p 00005000 00:2b 87033914                   /home/dchan/.gradle/native/24/linux-amd64/libnative-platform.so
7f1ab64a9000-7f1ab64ba000 r-xp 00000000 08:51 116263097                  /usr/lib/jvm/java-8-oracle/jre/lib/amd64/libnio.so
7f1ab64ba000-7f1ab66b9000 ---p 00011000 08:51 116263097                  /usr/lib/jvm/java-8-oracle/jre/lib/amd64/libnio.so
7f1ab66b9000-7f1ab66ba000 rw-p 00010000 08:51 116263097                  /usr/lib/jvm/java-8-oracle/jre/lib/amd64/libnio.so
7f1ab66ba000-7f1ab69bb000 rw-p 00000000 00:00 0 
7f1ab69bb000-7f1ab69d1000 r-xp 00000000 08:51 116262982                  /usr/lib/jvm/java-8-oracle/jre/lib/amd64/libnet.so
7f1ab69d1000-7f1ab6bd1000 ---p 00016000 08:51 116262982                  /usr/lib/jvm/java-8-oracle/jre/lib/amd64/libnet.so
7f1ab6bd1000-7f1ab6bd2000 rw-p 00016000 08:51 116262982                  /usr/lib/jvm/java-8-oracle/jre/lib/amd64/libnet.so
7f1ab6bd2000-7f1ab6c11000 r--s 0020c000 08:51 116920936                  /usr/lib/gradle/3.4/lib/gradle-core-3.4.jar
7f1ab6c11000-7f1ab6c12000 ---p 00000000 00:00 0 
7f1ab6c12000-7f1ab6d12000 rw-p 00000000 00:00 0 
7f1ab6d12000-7f1ab6d15000 ---p 00000000 00:00 0 
7f1ab6d15000-7f1ab6e13000 rw-p 00000000 00:00 0 
7f1ab6e13000-7f1ab6e16000 ---p 00000000 00:00 0 
7f1ab6e16000-7f1ab6f14000 rw-p 00000000 00:00 0 
7f1ab6f14000-7f1ab6f17000 ---p 00000000 00:00 0 
7f1ab6f17000-7f1ab7015000 rw-p 00000000 00:00 0 
7f1ab7015000-7f1ab7018000 ---p 00000000 00:00 0 
7f1ab7018000-7f1ab7116000 rw-p 00000000 00:00 0 
7f1ab7116000-7f1ab7119000 ---p 00000000 00:00 0 
7f1ab7119000-7f1ab7217000 rw-p 00000000 00:00 0 
7f1ab7217000-7f1ab721a000 ---p 00000000 00:00 0 
7f1ab721a000-7f1ab7318000 rw-p 00000000 00:00 0 
7f1ab7318000-7f1ab79fa000 r--p 00000000 08:51 115350344                  /usr/lib/locale/locale-archive
7f1ab79fa000-7f1ab79fd000 ---p 00000000 00:00 0 
7f1ab79fd000-7f1ab7afb000 rw-p 00000000 00:00 0 
7f1ab7afb000-7f1ab7afe000 ---p 00000000 00:00 0 
7f1ab7afe000-7f1ab7bfc000 rw-p 00000000 00:00 0 
7f1ab7bfc000-7f1ab7bfd000 ---p 00000000 00:00 0 
7f1ab7bfd000-7f1ab8000000 rw-p 00000000 00:00 0 
7f1ab8000000-7f1ab8021000 rw-p 00000000 00:00 0 
7f1ab8021000-7f1abc000000 ---p 00000000 00:00 0 
7f1abc000000-7f1abc021000 rw-p 00000000 00:00 0 
7f1abc021000-7f1ac0000000 ---p 00000000 00:00 0 
7f1ac0000000-7f1ac0021000 rw-p 00000000 00:00 0 
7f1ac0021000-7f1ac4000000 ---p 00000000 00:00 0 
7f1ac400a000-7f1ac4012000 r--s 00045000 00:2b 93590555                   /home/dchan/.gradle/caches/modules-2/files-2.1/junit/junit/4.12/2973d150c0dc1fefe998f834810d68f278ea58ec/junit-4.12.jar
7f1ac4012000-7f1ac403a000 r--s 001cf000 08:51 116920920                  /usr/lib/gradle/3.4/lib/guava-jdk5-17.0.jar
7f1ac403a000-7f1ac5ff1000 rw-p 00000000 00:00 0 
7f1ac5ff1000-7f1ac61ca000 r--s 03d3e000 08:51 116134946                  /usr/lib/jvm/java-8-oracle/jre/lib/rt.jar
7f1ac61ca000-7f1ac757b000 rw-p 00000000 00:00 0 
7f1ac757b000-7f1ac757c000 ---p 00000000 00:00 0 
7f1ac757c000-7f1ac767c000 rw-p 00000000 00:00 0 
7f1ac767c000-7f1ac767d000 ---p 00000000 00:00 0 
7f1ac767d000-7f1ac777d000 rw-p 00000000 00:00 0 
7f1ac777d000-7f1ac777e000 ---p 00000000 00:00 0 
7f1ac777e000-7f1ac787e000 rw-p 00000000 00:00 0 
7f1ac787e000-7f1ac787f000 ---p 00000000 00:00 0 
7f1ac787f000-7f1ac797f000 rw-p 00000000 00:00 0 
7f1ac797f000-7f1ac7980000 ---p 00000000 00:00 0 
7f1ac7980000-7f1ac7a80000 rw-p 00000000 00:00 0 
7f1ac7a80000-7f1ac7a81000 ---p 00000000 00:00 0 
7f1ac7a81000-7f1ac7b81000 rw-p 00000000 00:00 0 
7f1ac7b81000-7f1ac7b82000 ---p 00000000 00:00 0 
7f1ac7b82000-7f1ac7d00000 rw-p 00000000 00:00 0 
7f1ac7d00000-7f1ac844e000 ---p 00000000 00:00 0 
7f1ac844e000-7f1ac84cc000 rw-p 00000000 00:00 0 
7f1ac84cc000-7f1ac8c19000 ---p 00000000 00:00 0 
7f1ac8c19000-7f1ac8c58000 rw-p 00000000 00:00 0 
7f1ac8c58000-7f1ac8fff000 ---p 00000000 00:00 0 
7f1ac8fff000-7f1ac9000000 rw-p 00000000 00:00 0 
7f1ac9000000-7f1ac92e0000 rwxp 00000000 00:00 0 
7f1ac92e0000-7f1ad8000000 ---p 00000000 00:00 0 
7f1ad8000000-7f1ad8470000 rw-p 00000000 00:00 0 
7f1ad8470000-7f1adc000000 ---p 00000000 00:00 0 
7f1adc001000-7f1adc005000 r--s 0009a000 08:51 116134930                  /usr/lib/jvm/java-8-oracle/jre/lib/jsse.jar
7f1adc005000-7f1adc00d000 r--s 00045000 08:51 116920798                  /usr/lib/gradle/3.4/lib/plugins/junit-4.12.jar
7f1adc00d000-7f1adc012000 r--s 00041000 08:51 116920900                  /usr/lib/gradle/3.4/lib/commons-lang-2.6.jar
7f1adc012000-7f1adc016000 r--s 00026000 08:51 116920945                  /usr/lib/gradle/3.4/lib/kryo-2.20.jar
7f1adc016000-7f1adc0e7000 rw-p 00000000 00:00 0 
7f1adc0e7000-7f1adc0e8000 ---p 00000000 00:00 0 
7f1adc0e8000-7f1adc1e8000 rw-p 00000000 00:00 0 
7f1adc1e8000-7f1adc1e9000 ---p 00000000 00:00 0 
7f1adc1e9000-7f1adc2e9000 rw-p 00000000 00:00 0 
7f1adc2e9000-7f1adc2ea000 ---p 00000000 00:00 0 
7f1adc2ea000-7f1adc3f6000 rw-p 00000000 00:00 0 
7f1adc3f6000-7f1adc7aa000 ---p 00000000 00:00 0 
7f1adc7aa000-7f1adc7c4000 r-xp 00000000 08:51 116263095                  /usr/lib/jvm/java-8-oracle/jre/lib/amd64/libzip.so
7f1adc7c4000-7f1adc9c4000 ---p 0001a000 08:51 116263095                  /usr/lib/jvm/java-8-oracle/jre/lib/amd64/libzip.so
7f1adc9c4000-7f1adc9c5000 rw-p 0001a000 08:51 116263095                  /usr/lib/jvm/java-8-oracle/jre/lib/amd64/libzip.so
7f1adc9c5000-7f1adc9d1000 r-xp 00000000 08:51 65278158                   /lib/x86_64-linux-gnu/libnss_files-2.21.so
7f1adc9d1000-7f1adcbd0000 ---p 0000c000 08:51 65278158                   /lib/x86_64-linux-gnu/libnss_files-2.21.so
7f1adcbd0000-7f1adcbd1000 r--p 0000b000 08:51 65278158                   /lib/x86_64-linux-gnu/libnss_files-2.21.so
7f1adcbd1000-7f1adcbd2000 rw-p 0000c000 08:51 65278158                   /lib/x86_64-linux-gnu/libnss_files-2.21.so
7f1adcbd2000-7f1adcbdd000 r-xp 00000000 08:51 65278168                   /lib/x86_64-linux-gnu/libnss_nis-2.21.so
7f1adcbdd000-7f1adcddc000 ---p 0000b000 08:51 65278168                   /lib/x86_64-linux-gnu/libnss_nis-2.21.so
7f1adcddc000-7f1adcddd000 r--p 0000a000 08:51 65278168                   /lib/x86_64-linux-gnu/libnss_nis-2.21.so
7f1adcddd000-7f1adcdde000 rw-p 0000b000 08:51 65278168                   /lib/x86_64-linux-gnu/libnss_nis-2.21.so
7f1adcdde000-7f1adcdf5000 r-xp 00000000 08:51 65278152                   /lib/x86_64-linux-gnu/libnsl-2.21.so
7f1adcdf5000-7f1adcff4000 ---p 00017000 08:51 65278152                   /lib/x86_64-linux-gnu/libnsl-2.21.so
7f1adcff4000-7f1adcff5000 r--p 00016000 08:51 65278152                   /lib/x86_64-linux-gnu/libnsl-2.21.so
7f1adcff5000-7f1adcff6000 rw-p 00017000 08:51 65278152                   /lib/x86_64-linux-gnu/libnsl-2.21.so
7f1adcff6000-7f1adcff8000 rw-p 00000000 00:00 0 
7f1adcff8000-7f1add000000 r-xp 00000000 08:51 65278154                   /lib/x86_64-linux-gnu/libnss_compat-2.21.so
7f1add000000-7f1add1ff000 ---p 00008000 08:51 65278154                   /lib/x86_64-linux-gnu/libnss_compat-2.21.so
7f1add1ff000-7f1add200000 r--p 00007000 08:51 65278154                   /lib/x86_64-linux-gnu/libnss_compat-2.21.so
7f1add200000-7f1add201000 rw-p 00008000 08:51 65278154                   /lib/x86_64-linux-gnu/libnss_compat-2.21.so
7f1add201000-7f1add22c000 r-xp 00000000 08:51 116265600                  /usr/lib/jvm/java-8-oracle/jre/lib/amd64/libjava.so
7f1add22c000-7f1add42b000 ---p 0002b000 08:51 116265600                  /usr/lib/jvm/java-8-oracle/jre/lib/amd64/libjava.so
7f1add42b000-7f1add42d000 rw-p 0002a000 08:51 116265600                  /usr/lib/jvm/java-8-oracle/jre/lib/amd64/libjava.so
7f1add42d000-7f1add43a000 r-xp 00000000 08:51 116262983                  /usr/lib/jvm/java-8-oracle/jre/lib/amd64/libverify.so
7f1add43a000-7f1add639000 ---p 0000d000 08:51 116262983                  /usr/lib/jvm/java-8-oracle/jre/lib/amd64/libverify.so
7f1add639000-7f1add63b000 rw-p 0000c000 08:51 116262983                  /usr/lib/jvm/java-8-oracle/jre/lib/amd64/libverify.so
7f1add63b000-7f1add642000 r-xp 00000000 08:51 65278213                   /lib/x86_64-linux-gnu/librt-2.21.so
7f1add642000-7f1add841000 ---p 00007000 08:51 65278213                   /lib/x86_64-linux-gnu/librt-2.21.so
7f1add841000-7f1add842000 r--p 00006000 08:51 65278213                   /lib/x86_64-linux-gnu/librt-2.21.so
7f1add842000-7f1add843000 rw-p 00007000 08:51 65278213                   /lib/x86_64-linux-gnu/librt-2.21.so
7f1add843000-7f1add94a000 r-xp 00000000 08:51 65278131                   /lib/x86_64-linux-gnu/libm-2.21.so
7f1add94a000-7f1addb49000 ---p 00107000 08:51 65278131                   /lib/x86_64-linux-gnu/libm-2.21.so
7f1addb49000-7f1addb4a000 r--p 00106000 08:51 65278131                   /lib/x86_64-linux-gnu/libm-2.21.so
7f1addb4a000-7f1addb4b000 rw-p 00107000 08:51 65278131                   /lib/x86_64-linux-gnu/libm-2.21.so
7f1addb4b000-7f1ade819000 r-xp 00000000 08:51 116265604                  /usr/lib/jvm/java-8-oracle/jre/lib/amd64/server/libjvm.so
7f1ade819000-7f1adea19000 ---p 00cce000 08:51 116265604                  /usr/lib/jvm/java-8-oracle/jre/lib/amd64/server/libjvm.so
7f1adea19000-7f1adeaf2000 rw-p 00cce000 08:51 116265604                  /usr/lib/jvm/java-8-oracle/jre/lib/amd64/server/libjvm.so
7f1adeaf2000-7f1adeb3d000 rw-p 00000000 00:00 0 
7f1adeb3d000-7f1adecfd000 r-xp 00000000 08:51 65278072                   /lib/x86_64-linux-gnu/libc-2.21.so
7f1adecfd000-7f1adeefd000 ---p 001c0000 08:51 65278072                   /lib/x86_64-linux-gnu/libc-2.21.so
7f1adeefd000-7f1adef01000 r--p 001c0000 08:51 65278072                   /lib/x86_64-linux-gnu/libc-2.21.so
7f1adef01000-7f1adef03000 rw-p 001c4000 08:51 65278072                   /lib/x86_64-linux-gnu/libc-2.21.so
7f1adef03000-7f1adef07000 rw-p 00000000 00:00 0 
7f1adef07000-7f1adef0a000 r-xp 00000000 08:51 65278089                   /lib/x86_64-linux-gnu/libdl-2.21.so
7f1adef0a000-7f1adf109000 ---p 00003000 08:51 65278089                   /lib/x86_64-linux-gnu/libdl-2.21.so
7f1adf109000-7f1adf10a000 r--p 00002000 08:51 65278089                   /lib/x86_64-linux-gnu/libdl-2.21.so
7f1adf10a000-7f1adf10b000 rw-p 00003000 08:51 65278089                   /lib/x86_64-linux-gnu/libdl-2.21.so
7f1adf10b000-7f1adf120000 r-xp 00000000 08:51 115611942                  /usr/lib/jvm/java-8-oracle/lib/amd64/jli/libjli.so
7f1adf120000-7f1adf320000 ---p 00015000 08:51 115611942                  /usr/lib/jvm/java-8-oracle/lib/amd64/jli/libjli.so
7f1adf320000-7f1adf321000 rw-p 00015000 08:51 115611942                  /usr/lib/jvm/java-8-oracle/lib/amd64/jli/libjli.so
7f1adf321000-7f1adf339000 r-xp 00000000 08:51 65278205                   /lib/x86_64-linux-gnu/libpthread-2.21.so
7f1adf339000-7f1adf539000 ---p 00018000 08:51 65278205                   /lib/x86_64-linux-gnu/libpthread-2.21.so
7f1adf539000-7f1adf53a000 r--p 00018000 08:51 65278205                   /lib/x86_64-linux-gnu/libpthread-2.21.so
7f1adf53a000-7f1adf53b000 rw-p 00019000 08:51 65278205                   /lib/x86_64-linux-gnu/libpthread-2.21.so
7f1adf53b000-7f1adf53f000 rw-p 00000000 00:00 0 
7f1adf53f000-7f1adf563000 r-xp 00000000 08:51 65278044                   /lib/x86_64-linux-gnu/ld-2.21.so
7f1adf563000-7f1adf564000 rw-p 00000000 00:00 0 
7f1adf564000-7f1adf566000 r--s 00009000 00:2b 93590557                   /home/dchan/.gradle/caches/modules-2/files-2.1/org.hamcrest/hamcrest-core/1.3/42a25dc3219429f0e5d060061f71acb49bf010a0/hamcrest-core-1.3.jar
7f1adf566000-7f1adf56a000 r--s 00011000 08:51 116920889                  /usr/lib/gradle/3.4/lib/native-platform-0.13.jar
7f1adf56a000-7f1adf56c000 r--s 00000000 08:51 116920937                  /usr/lib/gradle/3.4/lib/jul-to-slf4j-1.7.10.jar
7f1adf56c000-7f1adf56d000 r--s 00007000 08:51 116920917                  /usr/lib/gradle/3.4/lib/slf4j-api-1.7.10.jar
7f1adf56d000-7f1adf573000 r--s 0002e000 08:51 116920778                  /usr/lib/gradle/3.4/lib/plugins/gradle-testing-jvm-3.4.jar
7f1adf573000-7f1adf577000 r--s 00016000 08:51 116920776                  /usr/lib/gradle/3.4/lib/plugins/gradle-testing-base-3.4.jar
7f1adf577000-7f1adf635000 rw-p 00000000 00:00 0 
7f1adf635000-7f1adf638000 ---p 00000000 00:00 0 
7f1adf638000-7f1adf73a000 rw-p 00000000 00:00 0 
7f1adf73a000-7f1adf73d000 r--s 0000c000 08:51 116920774                  /usr/lib/gradle/3.4/lib/gradle-native-3.4.jar
7f1adf73d000-7f1adf73f000 r--s 00005000 08:51 116920906                  /usr/lib/gradle/3.4/lib/gradle-cli-3.4.jar
7f1adf73f000-7f1adf748000 r--s 00045000 08:51 116920908                  /usr/lib/gradle/3.4/lib/gradle-base-services-3.4.jar
7f1adf748000-7f1adf74e000 r--s 00029000 08:51 116920903                  /usr/lib/gradle/3.4/lib/gradle-messaging-3.4.jar
7f1adf74e000-7f1adf753000 r--s 0001f000 08:51 116920890                  /usr/lib/gradle/3.4/lib/gradle-logging-3.4.jar
7f1adf753000-7f1adf754000 r--s 00000000 08:51 116920921                  /usr/lib/gradle/3.4/lib/gradle-version-info-3.4.jar
7f1adf754000-7f1adf756000 r--s 00005000 00:2b 93590569                   /home/dchan/.gradle/caches/3.4/workerMain/gradle-worker.jar
7f1adf756000-7f1adf75e000 rw-s 00000000 08:51 20975795                   /tmp/hsperfdata_dchan/20232
7f1adf75e000-7f1adf75f000 rw-p 00000000 00:00 0 
7f1adf75f000-7f1adf760000 ---p 00000000 00:00 0 
7f1adf760000-7f1adf762000 rw-p 00000000 00:00 0 
7f1adf762000-7f1adf763000 r--p 00023000 08:51 65278044                   /lib/x86_64-linux-gnu/ld-2.21.so
7f1adf763000-7f1adf764000 rw-p 00024000 08:51 65278044                   /lib/x86_64-linux-gnu/ld-2.21.so
7f1adf764000-7f1adf765000 rw-p 00000000 00:00 0 
7fff359c7000-7fff359e8000 rw-p 00000000 00:00 0                          [stack]
7fff359f5000-7fff359f7000 r--p 00000000 00:00 0                          [vvar]
7fff359f7000-7fff359f9000 r-xp 00000000 00:00 0                          [vdso]
ffffffffff600000-ffffffffff601000 r-xp 00000000 00:00 0                  [vsyscall]

VM Arguments:
jvm_args: -Djava.security.manager=worker.org.gradle.process.internal.worker.child.BootstrapSecurityManager -Dfile.encoding=UTF-8 -Duser.country=US -Duser.language=en -Duser.variant -ea 
java_command: worker.org.gradle.process.internal.worker.GradleWorkerMain 'Gradle Test Executor 1'
java_class_path (initial): /home/dchan/.gradle/caches/3.4/workerMain/gradle-worker.jar
Launcher Type: SUN_STANDARD

Environment Variables:
JAVA_HOME=/usr/lib/jvm/java-8-oracle
PATH=/home/dchan/.rbenv/plugins/ruby-build/bin:/home/dchan/bin:/home/dchan/.rbenv/shims:/home/dchan/.rbenv/bin:/usr/local/heroku/bin:/home/dchan/bin:/usr/local/sbin:/usr/local/bin:/usr/sbin:/usr/bin:/sbin:/bin:/usr/games:/usr/local/games:/usr/lib/jvm/java-8-oracle/bin:/usr/lib/jvm/java-8-oracle/db/bin:/usr/lib/jvm/java-8-oracle/jre/bin
USERNAME=dchan
SHELL=/bin/bash
DISPLAY=:0

Signal Handlers:
SIGSEGV: [libjvm.so+0xac78c0], sa_mask[0]=11111111011111111101111111111110, sa_flags=SA_RESTART|SA_SIGINFO
SIGBUS: [libjvm.so+0xac78c0], sa_mask[0]=11111111011111111101111111111110, sa_flags=SA_RESTART|SA_SIGINFO
SIGFPE: [libjvm.so+0x920ac0], sa_mask[0]=11111111011111111101111111111110, sa_flags=SA_RESTART|SA_SIGINFO
SIGPIPE: [libjvm.so+0x920ac0], sa_mask[0]=11111111011111111101111111111110, sa_flags=SA_RESTART|SA_SIGINFO
SIGXFSZ: [libjvm.so+0x920ac0], sa_mask[0]=11111111011111111101111111111110, sa_flags=SA_RESTART|SA_SIGINFO
SIGILL: [libjvm.so+0x920ac0], sa_mask[0]=11111111011111111101111111111110, sa_flags=SA_RESTART|SA_SIGINFO
SIGUSR1: SIG_DFL, sa_mask[0]=00000000000000000000000000000000, sa_flags=none
SIGUSR2: [libjvm.so+0x922300], sa_mask[0]=00100000000000000000000000000000, sa_flags=SA_RESTART|SA_SIGINFO
SIGHUP: [libjvm.so+0x923700], sa_mask[0]=11111111011111111101111111111110, sa_flags=SA_RESTART|SA_SIGINFO
SIGINT: [libjvm.so+0x923700], sa_mask[0]=11111111011111111101111111111110, sa_flags=SA_RESTART|SA_SIGINFO
SIGTERM: [libjvm.so+0x923700], sa_mask[0]=11111111011111111101111111111110, sa_flags=SA_RESTART|SA_SIGINFO
SIGQUIT: [libjvm.so+0x923700], sa_mask[0]=11111111011111111101111111111110, sa_flags=SA_RESTART|SA_SIGINFO


---------------  S Y S T E M  ---------------

OS:DISTRIB_ID=Ubuntu
DISTRIB_RELEASE=15.04
DISTRIB_CODENAME=vivid
DISTRIB_DESCRIPTION="Ubuntu 15.04"

uname:Linux 3.19.0-78-generic #86-Ubuntu SMP Tue Dec 6 17:17:43 UTC 2016 x86_64
libc:glibc 2.21 NPTL 2.21 
rlimit: STACK 8192k, CORE 0k, NPROC 95644, NOFILE 65536, AS infinity
load average:4.67 7.37 4.67

/proc/meminfo:
MemTotal:       24516036 kB
MemFree:         1468100 kB
MemAvailable:   10503036 kB
Buffers:         1934444 kB
Cached:          7064312 kB
SwapCached:         2152 kB
Active:         14399228 kB
Inactive:        6964992 kB
Active(anon):   10944860 kB
Inactive(anon):  2003384 kB
Active(file):    3454368 kB
Inactive(file):  4961608 kB
Unevictable:        1168 kB
Mlocked:            1168 kB
SwapTotal:      16774652 kB
SwapFree:       16700280 kB
Dirty:               208 kB
Writeback:             0 kB
AnonPages:      12365440 kB
Mapped:           986840 kB
Shmem:            582772 kB
Slab:            1221572 kB
SReclaimable:     872364 kB
SUnreclaim:       349208 kB
KernelStack:       24464 kB
PageTables:       134812 kB
NFS_Unstable:          0 kB
Bounce:                0 kB
WritebackTmp:          0 kB
CommitLimit:    29032668 kB
Committed_AS:   29718184 kB
VmallocTotal:   34359738367 kB
VmallocUsed:      372052 kB
VmallocChunk:   34359363196 kB
HardwareCorrupted:     0 kB
AnonHugePages:   2830336 kB
CmaTotal:              0 kB
CmaFree:               0 kB
HugePages_Total:       0
HugePages_Free:        0
HugePages_Rsvd:        0
HugePages_Surp:        0
Hugepagesize:       2048 kB
DirectMap4k:     5570772 kB
DirectMap2M:    18370560 kB
DirectMap1G:     3145728 kB


CPU:total 12 (6 cores per cpu, 2 threads per core) family 6 model 63 stepping 2, cmov, cx8, fxsr, mmx, sse, sse2, sse3, ssse3, sse4.1, sse4.2, popcnt, avx, avx2, aes, clmul, erms, lzcnt, ht, tsc, tscinvbit, bmi1, bmi2

/proc/cpuinfo:
processor	: 0
vendor_id	: GenuineIntel
cpu family	: 6
model		: 63
model name	: Intel(R) Core(TM) i7-5820K CPU @ 3.30GHz
stepping	: 2
microcode	: 0x29
cpu MHz		: 3300.000
cache size	: 15360 KB
physical id	: 0
siblings	: 12
core id		: 0
cpu cores	: 6
apicid		: 0
initial apicid	: 0
fpu		: yes
fpu_exception	: yes
cpuid level	: 15
wp		: yes
flags		: fpu vme de pse tsc msr pae mce cx8 apic sep mtrr pge mca cmov pat pse36 clflush dts acpi mmx fxsr sse sse2 ss ht tm pbe syscall nx pdpe1gb rdtscp lm constant_tsc arch_perfmon pebs bts rep_good nopl xtopology nonstop_tsc aperfmperf eagerfpu pni pclmulqdq dtes64 monitor ds_cpl vmx est tm2 ssse3 fma cx16 xtpr pdcm pcid dca sse4_1 sse4_2 x2apic movbe popcnt tsc_deadline_timer aes xsave avx f16c rdrand lahf_lm abm ida arat epb pln pts dtherm tpr_shadow vnmi flexpriority ept vpid fsgsbase tsc_adjust bmi1 avx2 smep bmi2 erms invpcid xsaveopt
bugs		:
bogomips	: 6599.80
clflush size	: 64
cache_alignment	: 64
address sizes	: 46 bits physical, 48 bits virtual
power management:

processor	: 1
vendor_id	: GenuineIntel
cpu family	: 6
model		: 63
model name	: Intel(R) Core(TM) i7-5820K CPU @ 3.30GHz
stepping	: 2
microcode	: 0x29
cpu MHz		: 3299.871
cache size	: 15360 KB
physical id	: 0
siblings	: 12
core id		: 1
cpu cores	: 6
apicid		: 2
initial apicid	: 2
fpu		: yes
fpu_exception	: yes
cpuid level	: 15
wp		: yes
flags		: fpu vme de pse tsc msr pae mce cx8 apic sep mtrr pge mca cmov pat pse36 clflush dts acpi mmx fxsr sse sse2 ss ht tm pbe syscall nx pdpe1gb rdtscp lm constant_tsc arch_perfmon pebs bts rep_good nopl xtopology nonstop_tsc aperfmperf eagerfpu pni pclmulqdq dtes64 monitor ds_cpl vmx est tm2 ssse3 fma cx16 xtpr pdcm pcid dca sse4_1 sse4_2 x2apic movbe popcnt tsc_deadline_timer aes xsave avx f16c rdrand lahf_lm abm ida arat epb pln pts dtherm tpr_shadow vnmi flexpriority ept vpid fsgsbase tsc_adjust bmi1 avx2 smep bmi2 erms invpcid xsaveopt
bugs		:
bogomips	: 6599.80
clflush size	: 64
cache_alignment	: 64
address sizes	: 46 bits physical, 48 bits virtual
power management:

processor	: 2
vendor_id	: GenuineIntel
cpu family	: 6
model		: 63
model name	: Intel(R) Core(TM) i7-5820K CPU @ 3.30GHz
stepping	: 2
microcode	: 0x29
cpu MHz		: 3299.871
cache size	: 15360 KB
physical id	: 0
siblings	: 12
core id		: 2
cpu cores	: 6
apicid		: 4
initial apicid	: 4
fpu		: yes
fpu_exception	: yes
cpuid level	: 15
wp		: yes
flags		: fpu vme de pse tsc msr pae mce cx8 apic sep mtrr pge mca cmov pat pse36 clflush dts acpi mmx fxsr sse sse2 ss ht tm pbe syscall nx pdpe1gb rdtscp lm constant_tsc arch_perfmon pebs bts rep_good nopl xtopology nonstop_tsc aperfmperf eagerfpu pni pclmulqdq dtes64 monitor ds_cpl vmx est tm2 ssse3 fma cx16 xtpr pdcm pcid dca sse4_1 sse4_2 x2apic movbe popcnt tsc_deadline_timer aes xsave avx f16c rdrand lahf_lm abm ida arat epb pln pts dtherm tpr_shadow vnmi flexpriority ept vpid fsgsbase tsc_adjust bmi1 avx2 smep bmi2 erms invpcid xsaveopt
bugs		:
bogomips	: 6599.80
clflush size	: 64
cache_alignment	: 64
address sizes	: 46 bits physical, 48 bits virtual
power management:

processor	: 3
vendor_id	: GenuineIntel
cpu family	: 6
model		: 63
model name	: Intel(R) Core(TM) i7-5820K CPU @ 3.30GHz
stepping	: 2
microcode	: 0x29
cpu MHz		: 3300.000
cache size	: 15360 KB
physical id	: 0
siblings	: 12
core id		: 3
cpu cores	: 6
apicid		: 6
initial apicid	: 6
fpu		: yes
fpu_exception	: yes
cpuid level	: 15
wp		: yes
flags		: fpu vme de pse tsc msr pae mce cx8 apic sep mtrr pge mca cmov pat pse36 clflush dts acpi mmx fxsr sse sse2 ss ht tm pbe syscall nx pdpe1gb rdtscp lm constant_tsc arch_perfmon pebs bts rep_good nopl xtopology nonstop_tsc aperfmperf eagerfpu pni pclmulqdq dtes64 monitor ds_cpl vmx est tm2 ssse3 fma cx16 xtpr pdcm pcid dca sse4_1 sse4_2 x2apic movbe popcnt tsc_deadline_timer aes xsave avx f16c rdrand lahf_lm abm ida arat epb pln pts dtherm tpr_shadow vnmi flexpriority ept vpid fsgsbase tsc_adjust bmi1 avx2 smep bmi2 erms invpcid xsaveopt
bugs		:
bogomips	: 6599.80
clflush size	: 64
cache_alignment	: 64
address sizes	: 46 bits physical, 48 bits virtual
power management:

processor	: 4
vendor_id	: GenuineIntel
cpu family	: 6
model		: 63
model name	: Intel(R) Core(TM) i7-5820K CPU @ 3.30GHz
stepping	: 2
microcode	: 0x29
cpu MHz		: 3299.871
cache size	: 15360 KB
physical id	: 0
siblings	: 12
core id		: 4
cpu cores	: 6
apicid		: 8
initial apicid	: 8
fpu		: yes
fpu_exception	: yes
cpuid level	: 15
wp		: yes
flags		: fpu vme de pse tsc msr pae mce cx8 apic sep mtrr pge mca cmov pat pse36 clflush dts acpi mmx fxsr sse sse2 ss ht tm pbe syscall nx pdpe1gb rdtscp lm constant_tsc arch_perfmon pebs bts rep_good nopl xtopology nonstop_tsc aperfmperf eagerfpu pni pclmulqdq dtes64 monitor ds_cpl vmx est tm2 ssse3 fma cx16 xtpr pdcm pcid dca sse4_1 sse4_2 x2apic movbe popcnt tsc_deadline_timer aes xsave avx f16c rdrand lahf_lm abm ida arat epb pln pts dtherm tpr_shadow vnmi flexpriority ept vpid fsgsbase tsc_adjust bmi1 avx2 smep bmi2 erms invpcid xsaveopt
bugs		:
bogomips	: 6599.80
clflush size	: 64
cache_alignment	: 64
address sizes	: 46 bits physical, 48 bits virtual
power management:

processor	: 5
vendor_id	: GenuineIntel
cpu family	: 6
model		: 63
model name	: Intel(R) Core(TM) i7-5820K CPU @ 3.30GHz
stepping	: 2
microcode	: 0x29
cpu MHz		: 3300.000
cache size	: 15360 KB
physical id	: 0
siblings	: 12
core id		: 5
cpu cores	: 6
apicid		: 10
initial apicid	: 10
fpu		: yes
fpu_exception	: yes
cpuid level	: 15
wp		: yes
flags		: fpu vme de pse tsc msr pae mce cx8 apic sep mtrr pge mca cmov pat pse36 clflush dts acpi mmx fxsr sse sse2 ss ht tm pbe syscall nx pdpe1gb rdtscp lm constant_tsc arch_perfmon pebs bts rep_good nopl xtopology nonstop_tsc aperfmperf eagerfpu pni pclmulqdq dtes64 monitor ds_cpl vmx est tm2 ssse3 fma cx16 xtpr pdcm pcid dca sse4_1 sse4_2 x2apic movbe popcnt tsc_deadline_timer aes xsave avx f16c rdrand lahf_lm abm ida arat epb pln pts dtherm tpr_shadow vnmi flexpriority ept vpid fsgsbase tsc_adjust bmi1 avx2 smep bmi2 erms invpcid xsaveopt
bugs		:
bogomips	: 6599.80
clflush size	: 64
cache_alignment	: 64
address sizes	: 46 bits physical, 48 bits virtual
power management:

processor	: 6
vendor_id	: GenuineIntel
cpu family	: 6
model		: 63
model name	: Intel(R) Core(TM) i7-5820K CPU @ 3.30GHz
stepping	: 2
microcode	: 0x29
cpu MHz		: 3300.000
cache size	: 15360 KB
physical id	: 0
siblings	: 12
core id		: 0
cpu cores	: 6
apicid		: 1
initial apicid	: 1
fpu		: yes
fpu_exception	: yes
cpuid level	: 15
wp		: yes
flags		: fpu vme de pse tsc msr pae mce cx8 apic sep mtrr pge mca cmov pat pse36 clflush dts acpi mmx fxsr sse sse2 ss ht tm pbe syscall nx pdpe1gb rdtscp lm constant_tsc arch_perfmon pebs bts rep_good nopl xtopology nonstop_tsc aperfmperf eagerfpu pni pclmulqdq dtes64 monitor ds_cpl vmx est tm2 ssse3 fma cx16 xtpr pdcm pcid dca sse4_1 sse4_2 x2apic movbe popcnt tsc_deadline_timer aes xsave avx f16c rdrand lahf_lm abm ida arat epb pln pts dtherm tpr_shadow vnmi flexpriority ept vpid fsgsbase tsc_adjust bmi1 avx2 smep bmi2 erms invpcid xsaveopt
bugs		:
bogomips	: 6599.80
clflush size	: 64
cache_alignment	: 64
address sizes	: 46 bits physical, 48 bits virtual
power management:

processor	: 7
vendor_id	: GenuineIntel
cpu family	: 6
model		: 63
model name	: Intel(R) Core(TM) i7-5820K CPU @ 3.30GHz
stepping	: 2
microcode	: 0x29
cpu MHz		: 3299.871
cache size	: 15360 KB
physical id	: 0
siblings	: 12
core id		: 1
cpu cores	: 6
apicid		: 3
initial apicid	: 3
fpu		: yes
fpu_exception	: yes
cpuid level	: 15
wp		: yes
flags		: fpu vme de pse tsc msr pae mce cx8 apic sep mtrr pge mca cmov pat pse36 clflush dts acpi mmx fxsr sse sse2 ss ht tm pbe syscall nx pdpe1gb rdtscp lm constant_tsc arch_perfmon pebs bts rep_good nopl xtopology nonstop_tsc aperfmperf eagerfpu pni pclmulqdq dtes64 monitor ds_cpl vmx est tm2 ssse3 fma cx16 xtpr pdcm pcid dca sse4_1 sse4_2 x2apic movbe popcnt tsc_deadline_timer aes xsave avx f16c rdrand lahf_lm abm ida arat epb pln pts dtherm tpr_shadow vnmi flexpriority ept vpid fsgsbase tsc_adjust bmi1 avx2 smep bmi2 erms invpcid xsaveopt
bugs		:
bogomips	: 6599.80
clflush size	: 64
cache_alignment	: 64
address sizes	: 46 bits physical, 48 bits virtual
power management:

processor	: 8
vendor_id	: GenuineIntel
cpu family	: 6
model		: 63
model name	: Intel(R) Core(TM) i7-5820K CPU @ 3.30GHz
stepping	: 2
microcode	: 0x29
cpu MHz		: 3300.000
cache size	: 15360 KB
physical id	: 0
siblings	: 12
core id		: 2
cpu cores	: 6
apicid		: 5
initial apicid	: 5
fpu		: yes
fpu_exception	: yes
cpuid level	: 15
wp		: yes
flags		: fpu vme de pse tsc msr pae mce cx8 apic sep mtrr pge mca cmov pat pse36 clflush dts acpi mmx fxsr sse sse2 ss ht tm pbe syscall nx pdpe1gb rdtscp lm constant_tsc arch_perfmon pebs bts rep_good nopl xtopology nonstop_tsc aperfmperf eagerfpu pni pclmulqdq dtes64 monitor ds_cpl vmx est tm2 ssse3 fma cx16 xtpr pdcm pcid dca sse4_1 sse4_2 x2apic movbe popcnt tsc_deadline_timer aes xsave avx f16c rdrand lahf_lm abm ida arat epb pln pts dtherm tpr_shadow vnmi flexpriority ept vpid fsgsbase tsc_adjust bmi1 avx2 smep bmi2 erms invpcid xsaveopt
bugs		:
bogomips	: 6599.80
clflush size	: 64
cache_alignment	: 64
address sizes	: 46 bits physical, 48 bits virtual
power management:

processor	: 9
vendor_id	: GenuineIntel
cpu family	: 6
model		: 63
model name	: Intel(R) Core(TM) i7-5820K CPU @ 3.30GHz
stepping	: 2
microcode	: 0x29
cpu MHz		: 3300.000
cache size	: 15360 KB
physical id	: 0
siblings	: 12
core id		: 3
cpu cores	: 6
apicid		: 7
initial apicid	: 7
fpu		: yes
fpu_exception	: yes
cpuid level	: 15
wp		: yes
flags		: fpu vme de pse tsc msr pae mce cx8 apic sep mtrr pge mca cmov pat pse36 clflush dts acpi mmx fxsr sse sse2 ss ht tm pbe syscall nx pdpe1gb rdtscp lm constant_tsc arch_perfmon pebs bts rep_good nopl xtopology nonstop_tsc aperfmperf eagerfpu pni pclmulqdq dtes64 monitor ds_cpl vmx est tm2 ssse3 fma cx16 xtpr pdcm pcid dca sse4_1 sse4_2 x2apic movbe popcnt tsc_deadline_timer aes xsave avx f16c rdrand lahf_lm abm ida arat epb pln pts dtherm tpr_shadow vnmi flexpriority ept vpid fsgsbase tsc_adjust bmi1 avx2 smep bmi2 erms invpcid xsaveopt
bugs		:
bogomips	: 6599.80
clflush size	: 64
cache_alignment	: 64
address sizes	: 46 bits physical, 48 bits virtual
power management:

processor	: 10
vendor_id	: GenuineIntel
cpu family	: 6
model		: 63
model name	: Intel(R) Core(TM) i7-5820K CPU @ 3.30GHz
stepping	: 2
microcode	: 0x29
cpu MHz		: 3300.000
cache size	: 15360 KB
physical id	: 0
siblings	: 12
core id		: 4
cpu cores	: 6
apicid		: 9
initial apicid	: 9
fpu		: yes
fpu_exception	: yes
cpuid level	: 15
wp		: yes
flags		: fpu vme de pse tsc msr pae mce cx8 apic sep mtrr pge mca cmov pat pse36 clflush dts acpi mmx fxsr sse sse2 ss ht tm pbe syscall nx pdpe1gb rdtscp lm constant_tsc arch_perfmon pebs bts rep_good nopl xtopology nonstop_tsc aperfmperf eagerfpu pni pclmulqdq dtes64 monitor ds_cpl vmx est tm2 ssse3 fma cx16 xtpr pdcm pcid dca sse4_1 sse4_2 x2apic movbe popcnt tsc_deadline_timer aes xsave avx f16c rdrand lahf_lm abm ida arat epb pln pts dtherm tpr_shadow vnmi flexpriority ept vpid fsgsbase tsc_adjust bmi1 avx2 smep bmi2 erms invpcid xsaveopt
bugs		:
bogomips	: 6599.80
clflush size	: 64
cache_alignment	: 64
address sizes	: 46 bits physical, 48 bits virtual
power management:

processor	: 11
vendor_id	: GenuineIntel
cpu family	: 6
model		: 63
model name	: Intel(R) Core(TM) i7-5820K CPU @ 3.30GHz
stepping	: 2
microcode	: 0x29
cpu MHz		: 3300.000
cache size	: 15360 KB
physical id	: 0
siblings	: 12
core id		: 5
cpu cores	: 6
apicid		: 11
initial apicid	: 11
fpu		: yes
fpu_exception	: yes
cpuid level	: 15
wp		: yes
flags		: fpu vme de pse tsc msr pae mce cx8 apic sep mtrr pge mca cmov pat pse36 clflush dts acpi mmx fxsr sse sse2 ss ht tm pbe syscall nx pdpe1gb rdtscp lm constant_tsc arch_perfmon pebs bts rep_good nopl xtopology nonstop_tsc aperfmperf eagerfpu pni pclmulqdq dtes64 monitor ds_cpl vmx est tm2 ssse3 fma cx16 xtpr pdcm pcid dca sse4_1 sse4_2 x2apic movbe popcnt tsc_deadline_timer aes xsave avx f16c rdrand lahf_lm abm ida arat epb pln pts dtherm tpr_shadow vnmi flexpriority ept vpid fsgsbase tsc_adjust bmi1 avx2 smep bmi2 erms invpcid xsaveopt
bugs		:
bogomips	: 6599.80
clflush size	: 64
cache_alignment	: 64
address sizes	: 46 bits physical, 48 bits virtual
power management:



Memory: 4k page, physical 24516036k(1468100k free), swap 16774652k(16700280k free)

vm_info: Java HotSpot(TM) 64-Bit Server VM (25.121-b13) for linux-amd64 JRE (1.8.0_121-b13), built on Dec 12 2016 16:36:53 by "java_re" with gcc 4.3.0 20080428 (Red Hat 4.3.0-8)

time: Sun Feb 26 16:58:21 2017
elapsed time: 411 seconds (0d 0h 6m 51s)

